Added Pin To Net: NetName=GND Pin=P1-1
Added Pin To Net: NetName=RST Pin=P1-2
Added Pin To Net: NetName=RST Pin=P1-15
Added Pin To Net: NetName=GND Pin=P1-16
Added Pin To Net: NetName=D0 Pin=IC2-19
Added Pin To Net: NetName=D0 Pin=P1-7
Added Net: Name=D0
Added Pin To Net: NetName=D1 Pin=IC2-20
Added Pin To Net: NetName=D1 Pin=P1-8
Added Net: Name=D1
Added Pin To Net: NetName=D2 Pin=IC2-21
Added Pin To Net: NetName=D2 Pin=P1-9
Added Net: Name=D2
Added Pin To Net: NetName=D3 Pin=IC2-22
Added Pin To Net: NetName=D3 Pin=P1-10
Added Net: Name=D3
Added Pin To Net: NetName=D4 Pin=IC2-27
Added Pin To Net: NetName=D4 Pin=P1-11
Added Net: Name=D4
Added Pin To Net: NetName=D5 Pin=IC2-28
Added Pin To Net: NetName=D5 Pin=P1-12
Added Net: Name=D5
Added Pin To Net: NetName=D6 Pin=IC2-29
Added Pin To Net: NetName=D6 Pin=P1-13
Added Net: Name=D6
Added Pin To Net: NetName=D7 Pin=IC2-30
Added Pin To Net: NetName=D7 Pin=P1-14
Added Net: Name=D7
Added Pin To Net: NetName=EN Pin=IC2-10
Added Pin To Net: NetName=EN Pin=P1-6
Added Net: Name=EN
Added Pin To Net: NetName=RS Pin=IC2-8
Added Pin To Net: NetName=RS Pin=P1-4
Added Net: Name=RS
Added Pin To Net: NetName=RW Pin=IC2-9
Added Pin To Net: NetName=RW Pin=P1-5
Added Net: Name=RW
